Crasm LYB 1.3:                                                   page  1

                         1      CPU 65c02
                         2      OUTPUT HEX
                         3      INCLUDE spec
  73E5                   4      * = PATCH_AT+$4000
                         5  
                         6  ;This gets patched into the existing usb routine
s.
73E5 4CFE7E              7      jmp EMPTY_AT+$4000
73E8 EA                  8      nop
                         9  

ERRORS:       0
WARNINGS:     0

Successful assembly...
 Last address     73e8 (29672)
 Code length         8 (8)















































Crasm LYB 1.3:                                                   page  2

?037C   Abs CMP_VAR1                                         
?037D   Abs CMP_VAR2                                         
?0018   Abs CONF_BPP                                         
?0000   Abs CONF_PROTO                                       
?0080   Abs CONF_XRES                                        
?0080   Abs CONF_YRES                                        
?0000   Abs CTRTYPE                                          
 3EFE   Abs EMPTY_AT                                         
?036E   Abs LEN0                                             
?036F   Abs LEN1                                             
?0370   Abs LEN2                                             
?0371   Abs LEN3                                             
?0004   Abs OFFX                                             
?0004   Abs OFFY                                             
 33E5   Abs PATCH_AT                                         
?32AD   Abs SEND_CSW                                         
















































