Crasm LYB 1.3:                                                   page  1

                         1      CPU 65c02
                         2      OUTPUT HEX
                         3      INCLUDE spec
  6EF2                   4      * = PATCH_AT+$4000
                         5  
                         6  ;Look for this bit to patch.
6EF2 A9FF                7      LDA #$FF
6EF4 A2FF                8      LDX #$FF
6EF6 8D8903              9      STA CMP_VAR1
6EF9 8E8A03             10      STX CMP_VAR2
6EFC 60                 11      RTS
                        12  

ERRORS:       0
WARNINGS:     0

Successful assembly...
 Last address     6efc (28412)
 Code length        16 (22)













































Crasm LYB 1.3:                                                   page  2

 0389   Abs CMP_VAR1                                         
 038A   Abs CMP_VAR2                                         
?0010   Abs CONF_BPP                                         
?0000   Abs CONF_PROTO                                       
?0080   Abs CONF_XRES                                        
?0080   Abs CONF_YRES                                        
?0000   Abs CTRTYPE                                          
?3B10   Abs EMPTY_AT                                         
?037B   Abs LEN0                                             
?037C   Abs LEN1                                             
?037D   Abs LEN2                                             
?037E   Abs LEN3                                             
?0000   Abs OFFX                                             
?0002   Abs OFFY                                             
 2EF2   Abs PATCH_AT                                         
?2DBA   Abs SEND_CSW                                         
















































