Crasm LYB 1.3:                                                   page  1

                         1      CPU 65c02
                         2      OUTPUT HEX
                         3      INCLUDE spec
  6C2F                   4      * = PATCH_AT+$4000
                         5  
                         6  ;Look for this bit to patch.
6C2F A9FF                7      LDA #$FF
6C31 A2FF                8      LDX #$FF
6C33 8D8803              9      STA CMP_VAR1
6C36 8E8903             10      STX CMP_VAR2
6C39 60                 11      RTS
                        12  

ERRORS:       0
WARNINGS:     0

Successful assembly...
 Last address     6c39 (27705)
 Code length        16 (22)













































Crasm LYB 1.3:                                                   page  2

 0388   Abs CMP_VAR1                                         
 0389   Abs CMP_VAR2                                         
?0010   Abs CONF_BPP                                         
?0000   Abs CONF_PROTO                                       
?0080   Abs CONF_XRES                                        
?0080   Abs CONF_YRES                                        
?0000   Abs CTRTYPE                                          
?38E0   Abs EMPTY_AT                                         
?037A   Abs LEN0                                             
?037B   Abs LEN1                                             
?038C   Abs LEN2                                             
?038D   Abs LEN3                                             
?0004   Abs OFFX                                             
?0000   Abs OFFY                                             
 2C2F   Abs PATCH_AT                                         
?2AF7   Abs SEND_CSW                                         
















































