Crasm LYB 1.3:                                                   page  1

                         1      CPU 65c02
                         2      OUTPUT HEX
                         3      INCLUDE spec
  71B7                   4      * = PATCH_AT+$4000
                         5  
                         6  ;This gets patched into the existing usb routine
s.
71B7 4CC07C              7      jmp EMPTY_AT+$4000
71BA EA                  8      nop
                         9  

ERRORS:       0
WARNINGS:     0

Successful assembly...
 Last address     71ba (29114)
 Code length         8 (8)















































Crasm LYB 1.3:                                                   page  2

?037C   Abs CMP_VAR1                                         
?037D   Abs CMP_VAR2                                         
?0018   Abs CONF_BPP                                         
?0000   Abs CONF_PROTO                                       
?0080   Abs CONF_XRES                                        
?0080   Abs CONF_YRES                                        
?0000   Abs CTRTYPE                                          
 3CC0   Abs EMPTY_AT                                         
?0371   Abs EN3                                              
?036E   Abs LEN0                                             
?036F   Abs LEN1                                             
?0370   Abs LEN2                                             
?0004   Abs OFFX                                             
?0004   Abs OFFY                                             
 31B7   Abs PATCH_AT                                         
?307F   Abs SEND_CSW                                         
















































