Crasm LYB 1.3:                                                   page  1

                         1      CPU 65c02
                         2      OUTPUT HEX
                         3      INCLUDE spec
  71B7                   4      * = PATCH_AT+$4000
                         5  
                         6  ;Look for this bit to patch.
71B7 A9FF                7      LDA #$FF
71B9 A2FF                8      LDX #$FF
71BB 8D7C03              9      STA CMP_VAR1
71BE 8E7D03             10      STX CMP_VAR2
71C1 60                 11      RTS
                        12  

ERRORS:       0
WARNINGS:     0

Successful assembly...
 Last address     71c1 (29121)
 Code length        16 (22)













































Crasm LYB 1.3:                                                   page  2

 037C   Abs CMP_VAR1                                         
 037D   Abs CMP_VAR2                                         
?0018   Abs CONF_BPP                                         
?0000   Abs CONF_PROTO                                       
?0080   Abs CONF_XRES                                        
?0080   Abs CONF_YRES                                        
?0000   Abs CTRTYPE                                          
?3CC0   Abs EMPTY_AT                                         
?0371   Abs EN3                                              
?036E   Abs LEN0                                             
?036F   Abs LEN1                                             
?0370   Abs LEN2                                             
?0004   Abs OFFX                                             
?0004   Abs OFFY                                             
 31B7   Abs PATCH_AT                                         
?307F   Abs SEND_CSW                                         
















































