Crasm LYB 1.3:                                                   page  1

                         1      CPU 65c02
                         2      OUTPUT HEX
                         3      INCLUDE spec
  6BB0                   4      * = PATCH_AT+$4000
                         5  
                         6  ;This gets patched into the existing usb routine
s.
6BB0 4C706D              7      jmp EMPTY_AT+$4000
6BB3 EA                  8      nop
                         9  

ERRORS:       0
WARNINGS:     0

Successful assembly...
 Last address     6bb3 (27571)
 Code length         8 (8)















































Crasm LYB 1.3:                                                   page  2

?037A   Abs CMP_VAR1                                         
?037B   Abs CMP_VAR2                                         
?0010   Abs CONF_BPP                                         
?0000   Abs CONF_PROTO                                       
?0080   Abs CONF_XRES                                        
?0080   Abs CONF_YRES                                        
?0001   Abs CTRTYPE                                          
 2D70   Abs EMPTY_AT                                         
?036C   Abs LEN0                                             
?036D   Abs LEN1                                             
?036E   Abs LEN2                                             
?036F   Abs LEN3                                             
?0000   Abs OFFX                                             
?0000   Abs OFFY                                             
 2BB0   Abs PATCH_AT                                         
?2A78   Abs SEND_CSW                                         
















































