Crasm LYB 1.3:                                                   page  1

                         1      CPU 65c02
                         2      OUTPUT HEX
                         3      INCLUDE spec
  6BB5                   4      * = PATCH_AT+$4000
                         5  
                         6  ;This gets patched into the existing usb routine
s.
6BB5 4C5A6D              7      jmp EMPTY_AT+$4000
6BB8 EA                  8      nop
                         9  

ERRORS:       0
WARNINGS:     0

Successful assembly...
 Last address     6bb8 (27576)
 Code length         8 (8)















































Crasm LYB 1.3:                                                   page  2

?037A   Abs CMP_VAR1                                         
?037B   Abs CMP_VAR2                                         
?0018   Abs CONF_BPP                                         
?0000   Abs CONF_PROTO                                       
?0080   Abs CONF_XRES                                        
?0080   Abs CONF_YRES                                        
?0000   Abs CTRTYPE                                          
 2D5A   Abs EMPTY_AT                                         
?036C   Abs LEN0                                             
?036D   Abs LEN1                                             
?036E   Abs LEN2                                             
?036F   Abs LEN3                                             
?0004   Abs OFFX                                             
?0004   Abs OFFY                                             
 2BB5   Abs PATCH_AT                                         
?2A7D   Abs SEND_CSW                                         
















































