Crasm LYB 1.3:                                                   page  1

                         1      CPU 65c02
                         2      OUTPUT HEX
                         3      INCLUDE spec
  6BB5                   4      * = PATCH_AT+$4000
                         5  
                         6  ;Look for this bit to patch.
6BB5 A9FF                7      LDA #$FF
6BB7 A2FF                8      LDX #$FF
6BB9 8D7A03              9      STA CMP_VAR1
6BBC 8E7B03             10      STX CMP_VAR2
6BBF 60                 11      RTS
                        12  

ERRORS:       0
WARNINGS:     0

Successful assembly...
 Last address     6bbf (27583)
 Code length        16 (22)













































Crasm LYB 1.3:                                                   page  2

 037A   Abs CMP_VAR1                                         
 037B   Abs CMP_VAR2                                         
?0018   Abs CONF_BPP                                         
?0000   Abs CONF_PROTO                                       
?0080   Abs CONF_XRES                                        
?0080   Abs CONF_YRES                                        
?0000   Abs CTRTYPE                                          
?2D5A   Abs EMPTY_AT                                         
?036C   Abs LEN0                                             
?036D   Abs LEN1                                             
?036E   Abs LEN2                                             
?036F   Abs LEN3                                             
?0004   Abs OFFX                                             
?0004   Abs OFFY                                             
 2BB5   Abs PATCH_AT                                         
?2A7D   Abs SEND_CSW                                         
















































