Crasm LYB 1.3:                                                   page  1

                         1      CPU 65c02
                         2      OUTPUT HEX
                         3      INCLUDE spec
  6EAC                   4      * = PATCH_AT+$4000
                         5  
                         6  ;Look for this bit to patch.
6EAC A9FF                7      LDA #$FF
6EAE A2FF                8      LDX #$FF
6EB0 8DB303              9      STA CMP_VAR1
6EB3 8EB403             10      STX CMP_VAR2
6EB6 60                 11      RTS
                        12  

ERRORS:       0
WARNINGS:     0

Successful assembly...
 Last address     6eb6 (28342)
 Code length        16 (22)













































Crasm LYB 1.3:                                                   page  2

 03B3   Abs CMP_VAR1                                         
 03B4   Abs CMP_VAR2                                         
?0010   Abs CONF_BPP                                         
?0000   Abs CONF_PROTO                                       
?0080   Abs CONF_XRES                                        
?0080   Abs CONF_YRES                                        
?0000   Abs CTRTYPE                                          
?39B0   Abs EMPTY_AT                                         
?03A5   Abs LEN0                                             
?03A6   Abs LEN1                                             
?03A7   Abs LEN2                                             
?03A8   Abs LEN3                                             
?0004   Abs OFFX                                             
?0004   Abs OFFY                                             
 2EAC   Abs PATCH_AT                                         
?2D74   Abs SEND_CSW                                         
















































