Crasm LYB 1.3:                                                   page  1

                         1      CPU 65c02
                         2      OUTPUT HEX
                         3      INCLUDE spec
  6B87                   4      * = PATCH_AT+$4000
                         5  
                         6  ;Look for this bit to patch.
6B87 A9FF                7      LDA #$FF
6B89 A2FF                8      LDX #$FF
6B8B 8D7A03              9      STA CMP_VAR1
6B8E 8E7B03             10      STX CMP_VAR2
6B91 60                 11      RTS
                        12  

ERRORS:       0
WARNINGS:     0

Successful assembly...
 Last address     6b91 (27537)
 Code length        16 (22)













































Crasm LYB 1.3:                                                   page  2

 037A   Abs CMP_VAR1                                         
 037B   Abs CMP_VAR2                                         
?0018   Abs CONF_BPP                                         
?0000   Abs CONF_PROTO                                       
?0080   Abs CONF_XRES                                        
?0080   Abs CONF_YRES                                        
?0000   Abs CTRTYPE                                          
?2D30   Abs EMPTY_AT                                         
?036C   Abs LEN0                                             
?036D   Abs LEN1                                             
?036E   Abs LEN2                                             
?036F   Abs LEN3                                             
?0004   Abs OFFX                                             
?0004   Abs OFFY                                             
 2B87   Abs PATCH_AT                                         
?2A4F   Abs SEND_CSW                                         
















































